<?xml version="1.0" encoding="UTF-8"?>
<!-- Generated by org.testng.reporters.JUnitXMLReporter -->
<testsuite ignored="0" hostname="DESKTOP-FL71GMT" failures="0" tests="4" name="Test" time="11.784" errors="0" timestamp="2022-02-02T01:24:43 IST">
  <testcase classname="Academy.valNavBar" name="basePageNavigation" time="0.04"/>
  <testcase classname="Academy.homePage" name="basePageNavigation" time="1.264"/>
  <testcase classname="Academy.homePage" name="basePageNavigation" time="1.092"/>
  <testcase classname="Academy.validateTitle" name="basePageNavigation" time="0.027"/>
</testsuite> <!-- Test -->
