<?xml version="1.0" encoding="UTF-8"?>
<!-- Generated by org.testng.reporters.JUnitXMLReporter -->
<testsuite ignored="0" hostname="DESKTOP-FL71GMT" failures="1" tests="1" name="Validating Title" time="3.319" errors="0" timestamp="2022-02-05T19:14:55 IST">
  <testcase classname="Academy.validateTitle" name="pageTitleValidation" time="0.032">
    <failure type="java.lang.AssertionError" message="expected [FEATURED COURSES 123] but found [FEATURED COURSES]">
      <![CDATA[java.lang.AssertionError: expected [FEATURED COURSES 123] but found [FEATURED COURSES]
at Academy.validateTitle.pageTitleValidation(validateTitle.java:38)
at java.base/java.util.ArrayList.forEach(ArrayList.java:1541)
... Removed 37 stack frames]]>
    </failure>
  </testcase> <!-- pageTitleValidation -->
</testsuite> <!-- Validating Title -->
