-------------------------------------------------------------------------------
Test set: TestSuite
-------------------------------------------------------------------------------
Tests run: 4, Failures: 1, Errors: 0, Skipped: 0, Time elapsed: 9.711 s <<< FAILURE! - in TestSuite
Academy.validateTitle.basePageNavigation  Time elapsed: 0.583 s  <<< FAILURE!
java.lang.AssertionError: expected [FEATURED COURSES 123] but found [FEATURED COURSES]
	at Academy.validateTitle.basePageNavigation(validateTitle.java:38)

