-------------------------------------------------------------------------------
Test set: TestSuite
-------------------------------------------------------------------------------
Tests run: 4, Failures: 1, Errors: 0, Skipped: 0, Time elapsed: 15.134 s <<< FAILURE! - in TestSuite
Academy.validateTitle.pageTitleValidation  Time elapsed: 0.353 s  <<< FAILURE!
java.lang.AssertionError: expected [FEATURED COURSES 123] but found [FEATURED COURSES]
	at Academy.validateTitle.pageTitleValidation(validateTitle.java:38)

